<?xml version="1.0" encoding="UTF-8"?>
<testsuites name="Mocha Tests" time="4.038" tests="1" failures="0">
  <testsuite name="Root Suite" timestamp="2025-03-10T00:49:33" tests="0" file="cypress\e2e\login\realizaCompraTeste.cy.js" time="0.000" failures="0">
  </testsuite>
  <testsuite name="testes no site saucedemo" timestamp="2025-03-10T00:49:33" tests="1" time="4.033" failures="0">
    <testcase name="testes no site saucedemo Realiza login, valida itens no carrinho, preenche checkout, finaliza compra e valida confirmação" time="3.223" classname="Realiza login, valida itens no carrinho, preenche checkout, finaliza compra e valida confirmação">
    </testcase>
  </testsuite>
</testsuites>